# JRE version: OpenJDK Runtime Environment (17.0.10) (build 17.0.10+0--11609105)
# Java VM: OpenJDK 64-Bit Server VM (17.0.10+0--11609105, mixed mode, tiered, compressed oops, compressed class ptrs, g1 gc, windows-amd64)
GC Precious Log:
 CPUs: 8 total, 8 available
 Memory: 16229M
 Large Page Support: Disabled
 NUMA Support: Disabled
 Compressed Oops: Enabled (32-bit)
 Heap Region Size: 1M
 Heap Min Capacity: 8M
 Heap Initial Capacity: 254M
 Heap Max Capacity: 1536M
 Pre-touch: Disabled
 Parallel Workers: 8
 Concurrent Workers: 2
 Concurrent Refinement Workers: 8
 Periodic GC: Disabled
Heap:
 garbage-first heap   total 352256K, used 258663K [0x00000000a0000000, 0x0000000100000000)
  region size 1024K, 98 young (100352K), 19 survivors (19456K)
 Metaspace       used 109227K, committed 110464K, reserved 1179648K
  class space    used 15120K, committed 15616K, reserved 1048576K
GC Heap History (20 events):
Event: 15.835 GC heap before
{Heap before GC invocations=64 (full 0):
 garbage-first heap   total 208896K, used 133565K [0x00000000a0000000, 0x0000000100000000)
  region size 1024K, 10 young (10240K), 4 survivors (4096K)
 Metaspace       used 90711K, committed 91648K, reserved 1179648K
  class space    used 12480K, committed 12864K, reserved 1048576K
}
Event: 15.840 GC heap after
{Heap after GC invocations=65 (full 0):
 garbage-first heap   total 208896K, used 129329K [0x00000000a0000000, 0x0000000100000000)
  region size 1024K, 2 young (2048K), 2 survivors (2048K)
 Metaspace       used 90711K, committed 91648K, reserved 1179648K
  class space    used 12480K, committed 12864K, reserved 1048576K
}
Event: 16.208 GC heap before
{Heap before GC invocations=65 (full 0):
 garbage-first heap   total 208896K, used 164145K [0x00000000a0000000, 0x0000000100000000)
  region size 1024K, 36 young (36864K), 2 survivors (2048K)
 Metaspace       used 92586K, committed 93568K, reserved 1179648K
  class space    used 12819K, committed 13184K, reserved 1048576K
}
Event: 16.216 GC heap after
{Heap after GC invocations=66 (full 0):
 garbage-first heap   total 352256K, used 134732K [0x00000000a0000000, 0x0000000100000000)
  region size 1024K, 5 young (5120K), 5 survivors (5120K)
 Metaspace       used 92586K, committed 93568K, reserved 1179648K
  class space    used 12819K, committed 13184K, reserved 1048576K
}
Event: 16.970 GC heap before
{Heap before GC invocations=66 (full 0):
 garbage-first heap   total 352256K, used 245324K [0x00000000a0000000, 0x0000000100000000)
  region size 1024K, 114 young (116736K), 5 survivors (5120K)
 Metaspace       used 96459K, committed 97472K, reserved 1179648K
  class space    used 13280K, committed 13696K, reserved 1048576K
}
Event: 16.980 GC heap after
{Heap after GC invocations=67 (full 0):
 garbage-first heap   total 352256K, used 139853K [0x00000000a0000000, 0x0000000100000000)
  region size 1024K, 10 young (10240K), 10 survivors (10240K)
 Metaspace       used 96459K, committed 97472K, reserved 1179648K
  class space    used 13280K, committed 13696K, reserved 1048576K
}
Event: 17.177 GC heap before
{Heap before GC invocations=67 (full 0):
 garbage-first heap   total 352256K, used 265805K [0x00000000a0000000, 0x0000000100000000)
  region size 1024K, 134 young (137216K), 10 survivors (10240K)
 Metaspace       used 96476K, committed 97472K, reserved 1179648K
  class space    used 13280K, committed 13696K, reserved 1048576K
}
Event: 17.184 GC heap after
{Heap after GC invocations=68 (full 0):
 garbage-first heap   total 352256K, used 140835K [0x00000000a0000000, 0x0000000100000000)
  region size 1024K, 10 young (10240K), 10 survivors (10240K)
 Metaspace       used 96476K, committed 97472K, reserved 1179648K
  class space    used 13280K, committed 13696K, reserved 1048576K
}
Event: 17.364 GC heap before
{Heap before GC invocations=68 (full 0):
 garbage-first heap   total 352256K, used 285219K [0x00000000a0000000, 0x0000000100000000)
  region size 1024K, 153 young (156672K), 10 survivors (10240K)
 Metaspace       used 96478K, committed 97472K, reserved 1179648K
  class space    used 13280K, committed 13696K, reserved 1048576K
}
Event: 17.372 GC heap after
{Heap after GC invocations=69 (full 0):
 garbage-first heap   total 352256K, used 144189K [0x00000000a0000000, 0x0000000100000000)
  region size 1024K, 13 young (13312K), 13 survivors (13312K)
 Metaspace       used 96478K, committed 97472K, reserved 1179648K
  class space    used 13280K, committed 13696K, reserved 1048576K
}
Event: 17.583 GC heap before
{Heap before GC invocations=69 (full 0):
 garbage-first heap   total 352256K, used 289597K [0x00000000a0000000, 0x0000000100000000)
  region size 1024K, 156 young (159744K), 13 survivors (13312K)
 Metaspace       used 96479K, committed 97472K, reserved 1179648K
  class space    used 13280K, committed 13696K, reserved 1048576K
}
Event: 17.589 GC heap after
{Heap after GC invocations=70 (full 0):
 garbage-first heap   total 352256K, used 141917K [0x00000000a0000000, 0x0000000100000000)
  region size 1024K, 7 young (7168K), 7 survivors (7168K)
 Metaspace       used 96479K, committed 97472K, reserved 1179648K
  class space    used 13280K, committed 13696K, reserved 1048576K
}
Event: 17.798 GC heap before
{Heap before GC invocations=70 (full 0):
 garbage-first heap   total 352256K, used 294493K [0x00000000a0000000, 0x0000000100000000)
  region size 1024K, 157 young (160768K), 7 survivors (7168K)
 Metaspace       used 96479K, committed 97472K, reserved 1179648K
  class space    used 13280K, committed 13696K, reserved 1048576K
}
Event: 17.802 GC heap after
{Heap after GC invocations=71 (full 0):
 garbage-first heap   total 352256K, used 140205K [0x00000000a0000000, 0x0000000100000000)
  region size 1024K, 6 young (6144K), 6 survivors (6144K)
 Metaspace       used 96479K, committed 97472K, reserved 1179648K
  class space    used 13280K, committed 13696K, reserved 1048576K
}
Event: 18.567 GC heap before
{Heap before GC invocations=71 (full 0):
 garbage-first heap   total 352256K, used 300973K [0x00000000a0000000, 0x0000000100000000)
  region size 1024K, 161 young (164864K), 6 survivors (6144K)
 Metaspace       used 96825K, committed 97856K, reserved 1179648K
  class space    used 13317K, committed 13760K, reserved 1048576K
}
Event: 18.572 GC heap after
{Heap after GC invocations=72 (full 0):
 garbage-first heap   total 352256K, used 142893K [0x00000000a0000000, 0x0000000100000000)
  region size 1024K, 8 young (8192K), 8 survivors (8192K)
 Metaspace       used 96825K, committed 97856K, reserved 1179648K
  class space    used 13317K, committed 13760K, reserved 1048576K
}
Event: 19.973 GC heap before
{Heap before GC invocations=72 (full 0):
 garbage-first heap   total 352256K, used 300589K [0x00000000a0000000, 0x0000000100000000)
  region size 1024K, 161 young (164864K), 8 survivors (8192K)
 Metaspace       used 104144K, committed 105344K, reserved 1179648K
  class space    used 14356K, committed 14848K, reserved 1048576K
}
Event: 19.986 GC heap after
{Heap after GC invocations=73 (full 0):
 garbage-first heap   total 352256K, used 157502K [0x00000000a0000000, 0x0000000100000000)
  region size 1024K, 21 young (21504K), 21 survivors (21504K)
 Metaspace       used 104144K, committed 105344K, reserved 1179648K
  class space    used 14356K, committed 14848K, reserved 1048576K
}
Event: 20.944 GC heap before
{Heap before GC invocations=73 (full 0):
 garbage-first heap   total 352256K, used 288574K [0x00000000a0000000, 0x0000000100000000)
  region size 1024K, 150 young (153600K), 21 survivors (21504K)
 Metaspace       used 107105K, committed 108288K, reserved 1179648K
  class space    used 14740K, committed 15232K, reserved 1048576K
}
Event: 20.968 GC heap after
{Heap after GC invocations=74 (full 0):
 garbage-first heap   total 352256K, used 178791K [0x00000000a0000000, 0x0000000100000000)
  region size 1024K, 19 young (19456K), 19 survivors (19456K)
 Metaspace       used 107105K, committed 108288K, reserved 1179648K
  class space    used 14740K, committed 15232K, reserved 1048576K
}

